#Tiempo de ejecucion | Ejecucion nro | Tiempo por cada ejecucion | Ejecucion | Hash |
1328.7953164577484 | 3029372 | 0.0004386372213309387 | Simple | b'???'
1509.762021780014  | 3107007 | 0.0004859216673087682 | Simple | b'7E5MxLdR2dLa2P+G7CwELdIxZn0juXP9kr1WpeFND/w='
1024.0909168720245 | 2367401 | 0.0004325802501866074 | Simple | b'0H4VtjFKeAgJyt+fOjJrNontjd649J+MHJAnbS17j4g='
14.447237968444824 | 33503   | 0.0004312222179639084 | Simple | b'apEmd6QKHgYefZZ9gBuuCaYpAQPQJ/Roip+m2WTR/Ug='
287.8354027271271  | 668821  | 0.0004303623880337595 | Simple | b'D9hGfy2KdK/a4W2/eEyTQ609+CWyU+yO6OpFSLUcGD4='
2032.1377131938934 | 4663448 | 0.0004357586303511679 | Simple | b'Sn0Ptl1S1BQq5CgkK3nEVgGFBSM1rB0bbJ/4qOcEjfo='
43.01993250846863 | 27381 | 0.0015711600200309934 | Thread x4 | b'Qhjvy/ZCyhdfJV8TdBpY8cCQnRnR/g3YoQAh4Qm+DcI='
687.6132962703705 | 384641 | 0.0017876755111139232 | Thread x4 | b'4Pi+DqZ0R1Opa8GylgSGInvwSGQ6+JyS2HfI3JHrUb8='
6807.306948423386 | 5932183 | 0.0011475214012149299 | Thread x4 | b'JWbUHvHrnc0QCGW+orA9z5qqbuC57s0AQqNgiiYG+Mc='
6328.451449632645 | 4790062 | 0.0013211627427020035 | Thread x4 | b'LUTF5/0T9aVBIR0povjg9Ve4jSYWcFmnrVhQqY6IXog='
4915.354307413101 | 3117224 | 0.0015768370535492802 | Thread x4 | b'kfrxz3hMOALIuBtRPKB+4Xqi8dW8M5z7dR/dGT026YU='
3494.2887971401215 | 2060724 | 0.001695660746970541 | Thread x4 | b'7Mo0BqwtkqkWrHI7Xhb/KijvHUMjC8H+ttKYU/r7Bnc='
207.6859052181244 | 246529 | 0.000842440058646749 | Process x4 | b'nfAuumLmGxEZp5Qg3u6H3OENiqE9a+ZmU+L1Dr/w6Kc='
339.5967791080475 | 420188 | 0.0008082019931745969 | Process x4 | b'XQu7bo7Qo0DdeP8ZoHUnjD5sMAxqIFFcoidOBuv9MRk='
476.6271753311157 | 790173 | 0.000603193446664358 | Process x4 | b'qXjjtqR4WKAQFUip5p/4MaD4o4gjVkKbnCpGG5CsxWg='
504.6962425708771 | 775683 | 0.0006506475487678305 | Process x4 | b'DqDXPGQc4d4ag9ZG/j7+KlWWOvj0wdeSKWBlcOWnUP8='
294.20430088043213 | 349467 | 0.0008418657580842601 | Process x4 | b'KderOLlPTQSMpqknnrJCFMAIphfp8rogtvbM9l2jqGg='
321.7264063358307 | 409534 | 0.0007855914437771484 | Process x4 | b't8NF/cDht0cgThJiu50dpfK792kr14Jj30w/HRtNy3o='
403.04727435112 | 551068 | 0.000731392993879376 | Process x4 | b'uQ58w0nai3PkMKRnZ8buqnVJAhYo9+OD9x8doeGo0i0='
4095.883876800537 | 4113851 | 0.0009956325294232914 | Process x4 | b'Rb3V0mHZDwuLhM8pwgy7GSDMZzo0jc77BX/TA0LA0Bs='
273.0657286643982 | 304766 | 0.0008959848823831996 | Process x3 | b'KsL/F2Om7lRWLs9Y4+zdxPZy2yVTZcRm1ZYdxbVR2EQ='
8.001787424087524 | 13013 | 0.0006149072023428513 | Process x3| b'chWUbTZ9x9kUaWYCuQ+Qn36QbinemCCobIWZkREwWK8='
976.152713060379 | 2333598 | 0.00041830371514733 | Process x3| b'TZlZZbUuJa0GKvks98+544xRDaWlgO6JOa5sn/9KzWs='
1055.1476123332977 | 2595758 | 0.00040648920751984495 | Process x3| b'zBoymEvgbzWaDX+NG4Dbe3QfvdG6HsNNzEf14j4UiQU='
