Inicio de la corrida. Process


=========================================
Proceso finalizado. True
* Cantidad de ejecuciones: 246529
* Tiempo de ejecución: 207.6859052181244 segundos
-----------------------------------------
| 01 | 38 | 13 | 42 | 15 | 40 | 47 | 44 |
-----------------------------------------
| 12 | 09 | 16 | 39 | 46 | 43 | 22 | 05 |
-----------------------------------------
| 37 | 02 | 11 | 14 | 41 | 04 | 45 | 48 |
-----------------------------------------
| 10 | 17 | 08 | 03 | 58 | 23 | 06 | 21 |
-----------------------------------------
| 31 | 36 | 59 | 18 | 07 | 20 | 49 | 24 |
-----------------------------------------
| 60 | 63 | 30 | 27 | 34 | 57 | 52 | 55 |
-----------------------------------------
| 29 | 32 | 35 | 62 | 19 | 54 | 25 | 50 |
-----------------------------------------
| 64 | 61 | 28 | 33 | 26 | 51 | 56 | 53 |
-----------------------------------------
Movimientos: 64

* hash_b64:  b'nfAuumLmGxEZp5Qg3u6H3OENiqE9a+ZmU+L1Dr/w6Kc='
* hash:  ['10011101', '11110000', '00101110', '10111010', '01100010', '11100110', '00011011', '00010001', '00011001', '10100111', '10010100', '00100000', '11011110', '11101110', '10000111', '11011100', '11100001', '00001101', '10001010', '10100001', '00111101', '01101011', '11100110', '01100110', '01010011', '11100010', '11110101', '00001110', '10111111', '11110000', '11101000', '10100111']
Tiempo de ejecucion| Ejecucion nro | Tiempo por cada ejecucion |
207.6859052181244 | 246529 | 0.000842440058646749 | b'nfAuumLmGxEZp5Qg3u6H3OENiqE9a+ZmU+L1Dr/w6Kc=' | Process |
=========================================
Inicio de la corrida. Process


=========================================
Proceso finalizado. True
* Cantidad de ejecuciones: 420188
* Tiempo de ejecución: 339.5967791080475 segundos
-----------------------------------------
| 01 | 58 | 19 | 40 | 55 | 60 | 07 | 38 |
-----------------------------------------
| 20 | 23 | 56 | 59 | 18 | 39 | 42 | 61 |
-----------------------------------------
| 57 | 02 | 21 | 54 | 41 | 06 | 37 | 08 |
-----------------------------------------
| 22 | 53 | 24 | 17 | 04 | 09 | 62 | 43 |
-----------------------------------------
| 27 | 16 | 03 | 46 | 25 | 44 | 05 | 36 |
-----------------------------------------
| 52 | 49 | 26 | 13 | 30 | 33 | 10 | 63 |
-----------------------------------------
| 15 | 28 | 47 | 50 | 45 | 12 | 35 | 32 |
-----------------------------------------
| 48 | 51 | 14 | 29 | 34 | 31 | 64 | 11 |
-----------------------------------------
Movimientos: 64

* hash_b64:  b'XQu7bo7Qo0DdeP8ZoHUnjD5sMAxqIFFcoidOBuv9MRk='
* hash:  ['01011101', '00001011', '10111011', '01101110', '10001110', '11010000', '10100011', '01000000', '11011101', '01111000', '11111111', '00011001', '10100000', '01110101', '00100111', '10001100', '00111110', '01101100', '00110000', '00001100', '01101010', '00100000', '01010001', '01011100', '10100010', '00100111', '01001110', '00000110', '11101011', '11111101', '00110001', '00011001']
Tiempo de ejecucion| Ejecucion nro | Tiempo por cada ejecucion |
339.5967791080475 | 420188 | 0.0008082019931745969 | b'XQu7bo7Qo0DdeP8ZoHUnjD5sMAxqIFFcoidOBuv9MRk=' | Process |
=========================================
Inicio de la corrida. Process


=========================================
Proceso finalizado. True
* Cantidad de ejecuciones: 790173
* Tiempo de ejecución: 476.6271753311157 segundos
-----------------------------------------
| 01 | 64 | 43 | 38 | 07 | 04 | 33 | 36 |
-----------------------------------------
| 42 | 39 | 02 | 47 | 34 | 37 | 08 | 05 |
-----------------------------------------
| 63 | 48 | 41 | 44 | 03 | 06 | 35 | 32 |
-----------------------------------------
| 40 | 57 | 26 | 11 | 46 | 55 | 16 | 09 |
-----------------------------------------
| 49 | 62 | 45 | 56 | 27 | 10 | 31 | 14 |
-----------------------------------------
| 58 | 21 | 60 | 25 | 12 | 15 | 54 | 17 |
-----------------------------------------
| 61 | 50 | 23 | 28 | 19 | 52 | 13 | 30 |
-----------------------------------------
| 22 | 59 | 20 | 51 | 24 | 29 | 18 | 53 |
-----------------------------------------
Movimientos: 64

* hash_b64:  b'qXjjtqR4WKAQFUip5p/4MaD4o4gjVkKbnCpGG5CsxWg='
* hash:  ['10101001', '01111000', '11100011', '10110110', '10100100', '01111000', '01011000', '10100000', '00010000', '00010101', '01001000', '10101001', '11100110', '10011111', '11111000', '00110001', '10100000', '11111000', '10100011', '10001000', '00100011', '01010110', '01000010', '10011011', '10011100', '00101010', '01000110', '00011011', '10010000', '10101100', '11000101', '01101000']
Tiempo de ejecucion| Ejecucion nro | Tiempo por cada ejecucion |
476.6271753311157 | 790173 | 0.000603193446664358 | b'qXjjtqR4WKAQFUip5p/4MaD4o4gjVkKbnCpGG5CsxWg=' | Process |
=========================================
Inicio de la corrida. Process


=========================================
Proceso finalizado. True
* Cantidad de ejecuciones: 775683
* Tiempo de ejecución: 504.6962425708771 segundos
-----------------------------------------
| 01 | 38 | 55 | 18 | 33 | 36 | 53 | 20 |
-----------------------------------------
| 56 | 17 | 02 | 37 | 54 | 19 | 24 | 35 |
-----------------------------------------
| 39 | 64 | 13 | 32 | 15 | 34 | 21 | 52 |
-----------------------------------------
| 12 | 57 | 16 | 03 | 46 | 23 | 30 | 25 |
-----------------------------------------
| 63 | 40 | 47 | 14 | 31 | 04 | 51 | 22 |
-----------------------------------------
| 58 | 11 | 60 | 05 | 08 | 45 | 26 | 29 |
-----------------------------------------
| 41 | 62 | 09 | 48 | 43 | 28 | 07 | 50 |
-----------------------------------------
| 10 | 59 | 42 | 61 | 06 | 49 | 44 | 27 |
-----------------------------------------
Movimientos: 64

* hash_b64:  b'DqDXPGQc4d4ag9ZG/j7+KlWWOvj0wdeSKWBlcOWnUP8='
* hash:  ['00001110', '10100000', '11010111', '00111100', '01100100', '00011100', '11100001', '11011110', '00011010', '10000011', '11010110', '01000110', '11111110', '00111110', '11111110', '00101010', '01010101', '10010110', '00111010', '11111000', '11110100', '11000001', '11010111', '10010010', '00101001', '01100000', '01100101', '01110000', '11100101', '10100111', '01010000', '11111111']
Tiempo de ejecucion| Ejecucion nro | Tiempo por cada ejecucion |
504.6962425708771 | 775683 | 0.0006506475487678305 | b'DqDXPGQc4d4ag9ZG/j7+KlWWOvj0wdeSKWBlcOWnUP8=' | Process |
=========================================
4
Inicio de la corrida. Process


=========================================
Proceso finalizado. True
* Cantidad de ejecuciones: 349467
* Tiempo de ejecución: 294.20430088043213 segundos
-----------------------------------------
| 01 | 60 | 39 | 08 | 37 | 58 | 33 | 50 |
-----------------------------------------
| 40 | 07 | 02 | 59 | 32 | 49 | 36 | 57 |
-----------------------------------------
| 61 | 64 | 31 | 38 | 09 | 18 | 51 | 34 |
-----------------------------------------
| 06 | 41 | 62 | 03 | 48 | 35 | 56 | 17 |
-----------------------------------------
| 63 | 30 | 05 | 10 | 19 | 16 | 47 | 52 |
-----------------------------------------
| 42 | 11 | 20 | 29 | 04 | 53 | 24 | 55 |
-----------------------------------------
| 21 | 28 | 13 | 44 | 23 | 26 | 15 | 46 |
-----------------------------------------
| 12 | 43 | 22 | 27 | 14 | 45 | 54 | 25 |
-----------------------------------------
Movimientos: 64

* hash_b64:  b'KderOLlPTQSMpqknnrJCFMAIphfp8rogtvbM9l2jqGg='
* hash:  ['00101001', '11010111', '10101011', '00111000', '10111001', '01001111', '01001101', '00000100', '10001100', '10100110', '10101001', '00100111', '10011110', '10110010', '01000010', '00010100', '11000000', '00001000', '10100110', '00010111', '11101001', '11110010', '10111010', '00100000', '10110110', '11110110', '11001100', '11110110', '01011101', '10100011', '10101000', '01101000']
Tiempo de ejecucion| Ejecucion nro | Tiempo por cada ejecucion |
294.20430088043213 | 349467 | 0.0008418657580842601 | b'KderOLlPTQSMpqknnrJCFMAIphfp8rogtvbM9l2jqGg=' | Process |
=========================================
Inicio de la corrida. Process


=========================================
Proceso finalizado. True
* Cantidad de ejecuciones: 409534
* Tiempo de ejecución: 321.7264063358307 segundos
-----------------------------------------
| 01 | 34 | 37 | 62 | 21 | 58 | 39 | 60 |
-----------------------------------------
| 36 | 63 | 56 | 33 | 38 | 61 | 20 | 31 |
-----------------------------------------
| 55 | 02 | 35 | 22 | 57 | 32 | 59 | 40 |
-----------------------------------------
| 64 | 43 | 10 | 03 | 50 | 41 | 30 | 19 |
-----------------------------------------
| 25 | 54 | 23 | 42 | 09 | 18 | 49 | 16 |
-----------------------------------------
| 44 | 11 | 26 | 51 | 04 | 15 | 08 | 29 |
-----------------------------------------
| 53 | 24 | 13 | 46 | 27 | 06 | 17 | 48 |
-----------------------------------------
| 12 | 45 | 52 | 05 | 14 | 47 | 28 | 07 |
-----------------------------------------
Movimientos: 64

* hash_b64:  b't8NF/cDht0cgThJiu50dpfK792kr14Jj30w/HRtNy3o='
* hash:  ['10110111', '11000011', '01000101', '11111101', '11000000', '11100001', '10110111', '01000111', '00100000', '01001110', '00010010', '01100010', '10111011', '10011101', '00011101', '10100101', '11110010', '10111011', '11110111', '01101001', '00101011', '11010111', '10000010', '01100011', '11011111', '01001100', '00111111', '00011101', '00011011', '01001101', '11001011', '01111010']
Tiempo de ejecucion| Ejecucion nro | Tiempo por cada ejecucion |
321.7264063358307 | 409534 | 0.0007855914437771484 | b't8NF/cDht0cgThJiu50dpfK792kr14Jj30w/HRtNy3o=' | Process |
=========================================
Inicio de la corrida. Process


=========================================
Proceso finalizado. True
* Cantidad de ejecuciones: 551068
* Tiempo de ejecución: 403.04727435112 segundos
-----------------------------------------
| 01 | 40 | 17 | 22 | 27 | 62 | 15 | 64 |
-----------------------------------------
| 18 | 23 | 42 | 39 | 16 | 11 | 28 | 61 |
-----------------------------------------
| 41 | 02 | 19 | 26 | 21 | 60 | 63 | 14 |
-----------------------------------------
| 24 | 43 | 38 | 03 | 12 | 29 | 10 | 59 |
-----------------------------------------
| 37 | 04 | 25 | 20 | 09 | 52 | 13 | 30 |
-----------------------------------------
| 44 | 47 | 08 | 05 | 34 | 31 | 58 | 55 |
-----------------------------------------
| 07 | 36 | 49 | 46 | 53 | 56 | 51 | 32 |
-----------------------------------------
| 48 | 45 | 06 | 35 | 50 | 33 | 54 | 57 |
-----------------------------------------
Movimientos: 64

* hash_b64:  b'uQ58w0nai3PkMKRnZ8buqnVJAhYo9+OD9x8doeGo0i0='
* hash:  ['10111001', '00001110', '01111100', '11000011', '01001001', '11011010', '10001011', '01110011', '11100100', '00110000', '10100100', '01100111', '01100111', '11000110', '11101110', '10101010', '01110101', '01001001', '00000010', '00010110', '00101000', '11110111', '11100011', '10000011', '11110111', '00011111', '00011101', '10100001', '11100001', '10101000', '11010010', '00101101']
Tiempo de ejecucion| Ejecucion nro | Tiempo por cada ejecucion |
403.04727435112 | 551068 | 0.000731392993879376 | b'uQ58w0nai3PkMKRnZ8buqnVJAhYo9+OD9x8doeGo0i0=' | Process |
=========================================
Inicio de la corrida. Process


=========================================
Proceso finalizado. True
* Cantidad de ejecuciones: 4113851
* Tiempo de ejecución: 4095.883876800537 segundos
-----------------------------------------
| 01 | 30 | 63 | 60 | 41 | 32 | 45 | 58 |
-----------------------------------------
| 64 | 61 | 28 | 31 | 44 | 59 | 40 | 33 |
-----------------------------------------
| 29 | 02 | 09 | 62 | 27 | 42 | 57 | 46 |
-----------------------------------------
| 10 | 53 | 26 | 43 | 08 | 55 | 34 | 39 |
-----------------------------------------
| 25 | 14 | 03 | 54 | 19 | 38 | 47 | 56 |
-----------------------------------------
| 52 | 11 | 18 | 07 | 04 | 35 | 20 | 37 |
-----------------------------------------
| 15 | 24 | 13 | 50 | 17 | 22 | 05 | 48 |
-----------------------------------------
| 12 | 51 | 16 | 23 | 06 | 49 | 36 | 21 |
-----------------------------------------
Movimientos: 64

* hash_b64:  b'Rb3V0mHZDwuLhM8pwgy7GSDMZzo0jc77BX/TA0LA0Bs='
* hash:  ['01000101', '10111101', '11010101', '11010010', '01100001', '11011001', '00001111', '00001011', '10001011', '10000100', '11001111', '00101001', '11000010', '00001100', '10111011', '00011001', '00100000', '11001100', '01100111', '00111010', '00110100', '10001101', '11001110', '11111011', '00000101', '01111111', '11010011', '00000011', '01000010', '11000000', '11010000', '00011011']
Tiempo de ejecucion| Ejecucion nro | Tiempo por cada ejecucion |
4095.883876800537 | 4113851 | 0.0009956325294232914 | b'Rb3V0mHZDwuLhM8pwgy7GSDMZzo0jc77BX/TA0LA0Bs=' | Process |
=========================================
4
Inicio de la corrida. Process
Inicio de la corrida. Process
Inicio de la corrida. Process
4
Inicio de la corrida. Process


=========================================
Proceso finalizado. True
* Cantidad de ejecuciones: 304766
* Tiempo de ejecución: 273.0657286643982 segundos
-----------------------------------------
| 01 | 04 | 09 | 18 | 47 | 32 | 49 | 16 |
-----------------------------------------
| 08 | 19 | 06 | 03 | 12 | 17 | 46 | 31 |
-----------------------------------------
| 05 | 02 | 13 | 10 | 33 | 48 | 15 | 50 |
-----------------------------------------
| 20 | 07 | 28 | 43 | 14 | 11 | 30 | 45 |
-----------------------------------------
| 27 | 58 | 21 | 34 | 29 | 44 | 51 | 64 |
-----------------------------------------
| 22 | 55 | 24 | 61 | 42 | 53 | 40 | 37 |
-----------------------------------------
| 59 | 26 | 57 | 54 | 35 | 38 | 63 | 52 |
-----------------------------------------
| 56 | 23 | 60 | 25 | 62 | 41 | 36 | 39 |
-----------------------------------------
Movimientos: 64

* hash_b64:  b'KsL/F2Om7lRWLs9Y4+zdxPZy2yVTZcRm1ZYdxbVR2EQ='
* hash:  ['00101010', '11000010', '11111111', '00010111', '01100011', '10100110', '11101110', '01010100', '01010110', '00101110', '11001111', '01011000', '11100011', '11101100', '11011101', '11000100', '11110110', '01110010', '11011011', '00100101', '01010011', '01100101', '11000100', '01100110', '11010101', '10010110', '00011101', '11000101', '10110101', '01010001', '11011000', '01000100']
Tiempo de ejecucion| Ejecucion nro | Tiempo por cada ejecucion |
273.0657286643982 | 304766 | 0.0008959848823831996 | b'KsL/F2Om7lRWLs9Y4+zdxPZy2yVTZcRm1ZYdxbVR2EQ=' | Process |
=========================================
Inicio de la corrida. Process


=========================================
Proceso finalizado. True
* Cantidad de ejecuciones: 1859478
* Tiempo de ejecución: 1043.3289706707 segundos
-----------------------------------------
| 01 | 26 | 53 | 28 | 59 | 08 | 55 | 64 |
-----------------------------------------
| 52 | 29 | 12 | 25 | 54 | 57 | 60 | 09 |
-----------------------------------------
| 13 | 02 | 27 | 58 | 07 | 10 | 63 | 56 |
-----------------------------------------
| 30 | 51 | 04 | 11 | 24 | 49 | 06 | 61 |
-----------------------------------------
| 03 | 14 | 31 | 50 | 05 | 62 | 45 | 48 |
-----------------------------------------
| 32 | 41 | 34 | 37 | 46 | 23 | 18 | 21 |
-----------------------------------------
| 15 | 36 | 39 | 42 | 17 | 20 | 47 | 44 |
-----------------------------------------
| 40 | 33 | 16 | 35 | 38 | 43 | 22 | 19 |
-----------------------------------------
Movimientos: 64

* hash_b64:  b'QTZ5g/bzISIs05qJOe2lwbN4gbyPU+MBzyaqR5Bmizo='
* hash:  ['01000001', '00110110', '01111001', '10000011', '11110110', '11110011', '00100001', '00100010', '00101100', '11010011', '10011010', '10001001', '00111001', '11101101', '10100101', '11000001', '10110011', '01111000', '10000001', '10111100', '10001111', '01010011', '11100011', '00000001', '11001111', '00100110', '10101010', '01000111', '10010000', '01100110', '10001011', '00111010']
Tiempo de ejecucion| Ejecucion nro | Tiempo por cada ejecucion |
1043.3289706707 | 1859478 | 0.0005610870204813932 | b'QTZ5g/bzISIs05qJOe2lwbN4gbyPU+MBzyaqR5Bmizo=' | Process |
=========================================
Inicio de la corrida. Process
