=========================================
Ejecución nro: 3029372
-----------------------------------------
| 01 | 12 | 35 | 56 | 37 | 60 | 07 | 58 |
-----------------------------------------
| 34 | 55 | 10 | 13 | 08 | 57 | 38 | 61 |
-----------------------------------------
| 11 | 02 | 53 | 36 | 29 | 40 | 59 | 06 |
-----------------------------------------
| 54 | 33 | 28 | 09 | 14 | 05 | 62 | 39 |
-----------------------------------------
| 27 | 52 | 03 | 32 | 23 | 30 | 41 | 16 |
-----------------------------------------
| 46 | 49 | 24 | 19 | 04 | 15 | 22 | 63 |
-----------------------------------------
| 51 | 26 | 47 | 44 | 31 | 20 | 17 | 42 |
-----------------------------------------
| 48 | 45 | 50 | 25 | 18 | 43 | 64 | 21 |
-----------------------------------------
Movimientos: 64
=========================================

Proceso finalizado.
* Cantidad de ejecuciones: 3029372
* Tiempo de ejecución: 1328.7953164577484 segundos
=========================================
Ejecución nro: 3107007
-----------------------------------------
| 01 | 64 | 45 | 06 | 47 | 32 | 23 | 20 |
-----------------------------------------
| 44 | 05 | 62 | 31 | 22 | 19 | 48 | 33 |
-----------------------------------------
| 63 | 02 | 07 | 46 | 17 | 34 | 21 | 24 |
-----------------------------------------
| 08 | 43 | 04 | 61 | 30 | 15 | 18 | 49 |
-----------------------------------------
| 03 | 60 | 37 | 16 | 35 | 50 | 25 | 14 |
-----------------------------------------
| 42 | 09 | 40 | 57 | 26 | 29 | 54 | 51 |
-----------------------------------------
| 59 | 38 | 11 | 36 | 53 | 56 | 13 | 28 |
-----------------------------------------
| 10 | 41 | 58 | 39 | 12 | 27 | 52 | 55 |
-----------------------------------------
Movimientos: 64
* hash_b64:  b'7E5MxLdR2dLa2P+G7CwELdIxZn0juXP9kr1WpeFND/w='
* hash:  ['11101100', '01001110', '01001100', '11000100', '10110111', '01010001', '11011001', '11010010', '11011010', '11011000', '11111111', '10000110', '11101100', '00101100', '00000100', '00101101', '11010010', '00110001', '01100110', '01111101', '00100011', '10111001', '01110011', '11111101', '10010010', '10111101', '01010110', '10100101', '11100001', '01001101', '00001111', '11111100']
=========================================

Proceso finalizado.
* Cantidad de ejecuciones: 3107007
* Tiempo de ejecución: 1509.762021780014 segundos


=========================================
Proceso finalizado. True
* Ejecución nro: 2367401
* Cantidad de ejecuciones: 2367401
* Tiempo de ejecución: 1024.0909168720245 segundos
-----------------------------------------
| 01 | 50 | 35 | 20 | 03 | 48 | 07 | 22 |
-----------------------------------------
| 36 | 19 | 02 | 49 | 08 | 21 | 44 | 47 |
-----------------------------------------
| 51 | 34 | 53 | 04 | 45 | 56 | 23 | 06 |
-----------------------------------------
| 18 | 37 | 64 | 09 | 54 | 05 | 46 | 43 |
-----------------------------------------
| 33 | 52 | 17 | 38 | 57 | 42 | 55 | 24 |
-----------------------------------------
| 60 | 63 | 10 | 13 | 16 | 25 | 28 | 41 |
-----------------------------------------
| 11 | 32 | 61 | 58 | 39 | 30 | 15 | 26 |
-----------------------------------------
| 62 | 59 | 12 | 31 | 14 | 27 | 40 | 29 |
-----------------------------------------
Movimientos: 64

* hash_b64:  b'0H4VtjFKeAgJyt+fOjJrNontjd649J+MHJAnbS17j4g='
* hash:  ['11010000', '01111110', '00010101', '10110110', '00110001', '01001010', '01111000', '00001000', '00001001', '11001010', '11011111', '10011111', '00111010', '00110010', '01101011', '00110110', '10001001', '11101101', '10001101', '11011110', '10111000', '11110100', '10011111', '10001100', '00011100', '10010000', '00100111', '01101101', '00101101', '01111011', '10001111', '10001000']
=========================================


=========================================
Proceso finalizado. True
* Ejecución nro: 33503
* Cantidad de ejecuciones: 33503
* Tiempo de ejecución: 14.447237968444824 segundos
-----------------------------------------
| 01 | 34 | 37 | 30 | 03 | 28 | 63 | 20 |
-----------------------------------------
| 36 | 31 | 02 | 05 | 64 | 19 | 48 | 27 |
-----------------------------------------
| 33 | 38 | 35 | 18 | 29 | 04 | 21 | 62 |
-----------------------------------------
| 16 | 51 | 32 | 39 | 06 | 49 | 26 | 47 |
-----------------------------------------
| 09 | 40 | 17 | 50 | 55 | 46 | 61 | 22 |
-----------------------------------------
| 52 | 15 | 10 | 07 | 12 | 25 | 58 | 45 |
-----------------------------------------
| 41 | 08 | 13 | 54 | 43 | 56 | 23 | 60 |
-----------------------------------------
| 14 | 53 | 42 | 11 | 24 | 59 | 44 | 57 |
-----------------------------------------
Movimientos: 64

* hash_b64:  b'apEmd6QKHgYefZZ9gBuuCaYpAQPQJ/Roip+m2WTR/Ug='
* hash:  ['01101010', '10010001', '00100110', '01110111', '10100100', '00001010', '00011110', '00000110', '00011110', '01111101', '10010110', '01111101', '10000000', '00011011', '10101110', '00001001', '10100110', '00101001', '00000001', '00000011', '11010000', '00100111', '11110100', '01101000', '10001010', '10011111', '10100110', '11011001', '01100100', '11010001', '11111101', '01001000']
Tiempo de ejecucion| Ejecucion nro | Tiempo por cada ejecucion |
14.447237968444824 | 33503 | 0.0004312222179639084 |
=========================================


=========================================
Proceso finalizado. True
* Ejecución nro: 668821
* Cantidad de ejecuciones: 668821
* Tiempo de ejecución: 287.8354027271271 segundos
-----------------------------------------
| 01 | 40 | 43 | 64 | 07 | 12 | 19 | 16 |
-----------------------------------------
| 42 | 47 | 02 | 13 | 18 | 15 | 08 | 11 |
-----------------------------------------
| 39 | 44 | 41 | 06 | 63 | 10 | 17 | 20 |
-----------------------------------------
| 48 | 57 | 46 | 03 | 14 | 55 | 62 | 09 |
-----------------------------------------
| 45 | 38 | 05 | 56 | 27 | 32 | 21 | 54 |
-----------------------------------------
| 58 | 49 | 28 | 31 | 04 | 61 | 24 | 33 |
-----------------------------------------
| 37 | 30 | 51 | 60 | 35 | 26 | 53 | 22 |
-----------------------------------------
| 50 | 59 | 36 | 29 | 52 | 23 | 34 | 25 |
-----------------------------------------
Movimientos: 64

* hash_b64:  b'D9hGfy2KdK/a4W2/eEyTQ609+CWyU+yO6OpFSLUcGD4='
* hash:  ['00001111', '11011000', '01000110', '01111111', '00101101', '10001010', '01110100', '10101111', '11011010', '11100001', '01101101', '10111111', '01111000', '01001100', '10010011', '01000011', '10101101', '00111101', '11111000', '00100101', '10110010', '01010011', '11101100', '10001110', '11101000', '11101010', '01000101', '01001000', '10110101', '00011100', '00011000', '00111110']
Tiempo de ejecucion| Ejecucion nro | Tiempo por cada ejecucion |
287.8354027271271 | 668821 | 0.0004303623880337595 |
=========================================


=========================================
Proceso finalizado. True
* Ejecución nro: 4663448
* Cantidad de ejecuciones: 4663448
* Tiempo de ejecución: 2032.1377131938934 segundos
-----------------------------------------
| 01 | 20 | 33 | 28 | 11 | 60 | 55 | 58 |
-----------------------------------------
| 32 | 35 | 12 | 21 | 26 | 57 | 10 | 61 |
-----------------------------------------
| 19 | 02 | 27 | 34 | 29 | 54 | 59 | 56 |
-----------------------------------------
| 44 | 31 | 36 | 13 | 22 | 25 | 62 | 09 |
-----------------------------------------
| 03 | 18 | 43 | 30 | 37 | 08 | 53 | 24 |
-----------------------------------------
| 48 | 45 | 04 | 17 | 14 | 23 | 38 | 63 |
-----------------------------------------
| 05 | 42 | 47 | 50 | 07 | 40 | 15 | 52 |
-----------------------------------------
| 46 | 49 | 06 | 41 | 16 | 51 | 64 | 39 |
-----------------------------------------
Movimientos: 64

* hash_b64:  b'Sn0Ptl1S1BQq5CgkK3nEVgGFBSM1rB0bbJ/4qOcEjfo='
* hash:  ['01001010', '01111101', '00001111', '10110110', '01011101', '01010010', '11010100', '00010100', '00101010', '11100100', '00101000', '00100100', '00101011', '01111001', '11000100', '01010110', '00000001', '10000101', '00000101', '00100011', '00110101', '10101100', '00011101', '00011011', '01101100', '10011111', '11111000', '10101000', '11100111', '00000100', '10001101', '11111010']
Tiempo de ejecucion| Ejecucion nro | Tiempo por cada ejecucion |
2032.1377131938934 | 4663448 | 0.0004357586303511679 |
=========================================
