=========================================
Proceso finalizado. True
* Cantidad de ejecuciones: 27381
* Tiempo de ejecución: 43.01993250846863 segundos
-----------------------------------------
| 01 | 54 | 35 | 40 | 23 | 44 | 33 | 42 |
-----------------------------------------
| 36 | 39 | 02 | 55 | 34 | 41 | 26 | 45 |
-----------------------------------------
| 53 | 04 | 37 | 22 | 19 | 24 | 43 | 32 |
-----------------------------------------
| 38 | 21 | 18 | 03 | 56 | 27 | 46 | 25 |
-----------------------------------------
| 05 | 52 | 57 | 20 | 11 | 62 | 31 | 64 |
-----------------------------------------
| 14 | 17 | 12 | 61 | 28 | 59 | 10 | 47 |
-----------------------------------------
| 51 | 06 | 15 | 58 | 49 | 08 | 63 | 30 |
-----------------------------------------
| 16 | 13 | 50 | 07 | 60 | 29 | 48 | 09 |
-----------------------------------------
Movimientos: 64

* hash_b64:  b'Qhjvy/ZCyhdfJV8TdBpY8cCQnRnR/g3YoQAh4Qm+DcI='
* hash:  ['01000010', '00011000', '11101111', '11001011', '11110110', '01000010', '11001010', '00010111', '01011111', '00100101', '01011111', '00010011', '01110100', '00011010', '01011000', '11110001', '11000000', '10010000', '10011101', '00011001', '11010001', '11111110', '00001101', '11011000', '10100001', '00000000', '00100001', '11100001', '00001001', '10111110', '00001101', '11000010']
Tiempo de ejecucion| Ejecucion nro | Tiempo por cada ejecucion |
43.01993250846863 | 27381 | 0.0015711600200309934 |
=========================================

=========================================
Proceso finalizado. True
* Cantidad de ejecuciones: 384641
* Tiempo de ejecución: 687.6132962703705 segundos
-----------------------------------------
| 01 | 50 | 27 | 60 | 47 | 12 | 29 | 58 |
-----------------------------------------
| 20 | 61 | 48 | 51 | 28 | 59 | 46 | 13 |
-----------------------------------------
| 49 | 02 | 19 | 26 | 11 | 08 | 57 | 30 |
-----------------------------------------
| 62 | 21 | 38 | 07 | 52 | 45 | 14 | 09 |
-----------------------------------------
| 03 | 42 | 25 | 18 | 37 | 10 | 31 | 56 |
-----------------------------------------
| 22 | 63 | 06 | 39 | 44 | 53 | 34 | 15 |
-----------------------------------------
| 41 | 04 | 43 | 24 | 17 | 36 | 55 | 32 |
-----------------------------------------
| 64 | 23 | 40 | 05 | 54 | 33 | 16 | 35 |
-----------------------------------------
Movimientos: 64

* hash_b64:  b'4Pi+DqZ0R1Opa8GylgSGInvwSGQ6+JyS2HfI3JHrUb8='
* hash:  ['11100000', '11111000', '10111110', '00001110', '10100110', '01110100', '01000111', '01010011', '10101001', '01101011', '11000001', '10110010', '10010110', '00000100', '10000110', '00100010', '01111011', '11110000', '01001000', '01100100', '00111010', '11111000', '10011100', '10010010', '11011000', '01110111', '11001000', '11011100', '10010001', '11101011', '01010001', '10111111']
Tiempo de ejecucion| Ejecucion nro | Tiempo por cada ejecucion |
687.6132962703705 | 384641 | 0.0017876755111139232 | b'4Pi+DqZ0R1Opa8GylgSGInvwSGQ6+JyS2HfI3JHrUb8=' |
=========================================


=========================================
Proceso finalizado. True
* Cantidad de ejecuciones: 2060724
* Tiempo de ejecución: 3494.2887971401215 segundos
-----------------------------------------
| 01 | 44 | 13 | 20 | 07 | 42 | 11 | 56 |
-----------------------------------------
| 14 | 19 | 04 | 43 | 12 | 57 | 06 | 41 |
-----------------------------------------
| 45 | 02 | 21 | 08 | 05 | 38 | 55 | 10 |
-----------------------------------------
| 26 | 15 | 18 | 03 | 58 | 09 | 40 | 37 |
-----------------------------------------
| 17 | 46 | 27 | 22 | 39 | 32 | 59 | 54 |
-----------------------------------------
| 64 | 25 | 16 | 31 | 28 | 51 | 36 | 33 |
-----------------------------------------
| 47 | 30 | 23 | 62 | 49 | 34 | 53 | 60 |
-----------------------------------------
| 24 | 63 | 48 | 29 | 52 | 61 | 50 | 35 |
-----------------------------------------
Movimientos: 64

* hash_b64:  b'7Mo0BqwtkqkWrHI7Xhb/KijvHUMjC8H+ttKYU/r7Bnc='
* hash:  ['11101100', '11001010', '00110100', '00000110', '10101100', '00101101', '10010010', '10101001', '00010110', '10101100', '01110010', '00111011', '01011110', '00010110', '11111111', '00101010', '00101000', '11101111', '00011101', '01000011', '00100011', '00001011', '11000001', '11111110', '10110110', '11010010', '10011000', '01010011', '11111010', '11111011', '00000110', '01110111']
Tiempo de ejecucion| Ejecucion nro | Tiempo por cada ejecucion |
3494.2887971401215 | 2060724 | 0.001695660746970541 | b'7Mo0BqwtkqkWrHI7Xhb/KijvHUMjC8H+ttKYU/r7Bnc=' | Thread |
=========================================


=========================================
Proceso finalizado. True
* Cantidad de ejecuciones: 3117224
* Tiempo de ejecución: 4915.354307413101 segundos
-----------------------------------------
| 01 | 26 | 63 | 12 | 05 | 44 | 61 | 10 |
-----------------------------------------
| 64 | 13 | 28 | 57 | 62 | 11 | 06 | 45 |
-----------------------------------------
| 27 | 02 | 25 | 14 | 43 | 04 | 09 | 60 |
-----------------------------------------
| 16 | 29 | 56 | 03 | 58 | 07 | 46 | 41 |
-----------------------------------------
| 55 | 24 | 15 | 20 | 47 | 42 | 59 | 08 |
-----------------------------------------
| 30 | 17 | 48 | 53 | 50 | 35 | 40 | 37 |
-----------------------------------------
| 23 | 54 | 19 | 32 | 21 | 38 | 51 | 34 |
-----------------------------------------
| 18 | 31 | 22 | 49 | 52 | 33 | 36 | 39 |
-----------------------------------------
Movimientos: 64

* hash_b64:  b'kfrxz3hMOALIuBtRPKB+4Xqi8dW8M5z7dR/dGT026YU='
* hash:  ['10010001', '11111010', '11110001', '11001111', '01111000', '01001100', '00111000', '00000010', '11001000', '10111000', '00011011', '01010001', '00111100', '10100000', '01111110', '11100001', '01111010', '10100010', '11110001', '11010101', '10111100', '00110011', '10011100', '11111011', '01110101', '00011111', '11011101', '00011001', '00111101', '00110110', '11101001', '10000101']
Tiempo de ejecucion| Ejecucion nro | Tiempo por cada ejecucion |
4915.354307413101 | 3117224 | 0.0015768370535492802 | b'kfrxz3hMOALIuBtRPKB+4Xqi8dW8M5z7dR/dGT026YU=' | Thread |
=========================================


=========================================
Proceso finalizado. True
* Cantidad de ejecuciones: 4790062
* Tiempo de ejecución: 6328.451449632645 segundos
-----------------------------------------
| 01 | 46 | 63 | 42 | 59 | 38 | 35 | 40 |
-----------------------------------------
| 64 | 43 | 60 | 05 | 62 | 41 | 58 | 37 |
-----------------------------------------
| 47 | 02 | 45 | 16 | 23 | 36 | 39 | 34 |
-----------------------------------------
| 44 | 17 | 04 | 61 | 06 | 33 | 24 | 57 |
-----------------------------------------
| 03 | 48 | 07 | 22 | 15 | 56 | 29 | 32 |
-----------------------------------------
| 18 | 51 | 20 | 55 | 30 | 27 | 12 | 25 |
-----------------------------------------
| 49 | 08 | 53 | 14 | 21 | 10 | 31 | 28 |
-----------------------------------------
| 52 | 19 | 50 | 09 | 54 | 13 | 26 | 11 |
-----------------------------------------
Movimientos: 64

* hash_b64:  b'LUTF5/0T9aVBIR0povjg9Ve4jSYWcFmnrVhQqY6IXog='
* hash:  ['00101101', '01000100', '11000101', '11100111', '11111101', '00010011', '11110101', '10100101', '01000001', '00100001', '00011101', '00101001', '10100010', '11111000', '11100000', '11110101', '01010111', '10111000', '10001101', '00100110', '00010110', '01110000', '01011001', '10100111', '10101101', '01011000', '01010000', '10101001', '10001110', '10001000', '01011110', '10001000']
Tiempo de ejecucion| Ejecucion nro | Tiempo por cada ejecucion |
6328.451449632645 | 4790062 | 0.0013211627427020035 | b'LUTF5/0T9aVBIR0povjg9Ve4jSYWcFmnrVhQqY6IXog=' | Thread |
=========================================


=========================================
Proceso finalizado. True
* Cantidad de ejecuciones: 5932183
* Tiempo de ejecución: 6807.306948423386 segundos
-----------------------------------------
| 01 | 60 | 21 | 26 | 57 | 42 | 63 | 44 |
-----------------------------------------
| 22 | 27 | 58 | 61 | 20 | 45 | 56 | 41 |
-----------------------------------------
| 59 | 02 | 23 | 18 | 25 | 62 | 43 | 64 |
-----------------------------------------
| 28 | 17 | 04 | 09 | 46 | 19 | 40 | 55 |
-----------------------------------------
| 03 | 10 | 29 | 24 | 05 | 36 | 47 | 34 |
-----------------------------------------
| 16 | 13 | 08 | 31 | 50 | 33 | 54 | 39 |
-----------------------------------------
| 11 | 30 | 15 | 06 | 37 | 52 | 35 | 48 |
-----------------------------------------
| 14 | 07 | 12 | 51 | 32 | 49 | 38 | 53 |
-----------------------------------------
Movimientos: 64

* hash_b64:  b'JWbUHvHrnc0QCGW+orA9z5qqbuC57s0AQqNgiiYG+Mc='
* hash:  ['00100101', '01100110', '11010100', '00011110', '11110001', '11101011', '10011101', '11001101', '00010000', '00001000', '01100101', '10111110', '10100010', '10110000', '00111101', '11001111', '10011010', '10101010', '01101110', '11100000', '10111001', '11101110', '11001101', '00000000', '01000010', '10100011', '01100000', '10001010', '00100110', '00000110', '11111000', '11000111']
Tiempo de ejecucion| Ejecucion nro | Tiempo por cada ejecucion |
6807.306948423386 | 5932183 | 0.0011475214012149299 | b'JWbUHvHrnc0QCGW+orA9z5qqbuC57s0AQqNgiiYG+Mc=' | Thread |
=========================================

